build/app/intermediates/manifest_merge_blame_file/release/manifest-merger-blame-release-report.txt
1<?xml version="1.0" encoding="utf-8"?>
2<manifest xmlns:android="http://schemas.android.com/apk/res/android"
3    package="com.example.p_o_s"
4    android:versionCode="1"
5    android:versionName="1.0.0" >
6
7    <uses-sdk
8        android:minSdkVersion="21"
8-->src\main\AndroidManifest.xml
9        android:targetSdkVersion="31" />
9-->src\main\AndroidManifest.xml
10
11    <uses-permission android:name="android.permission.INTERNET" />
11-->src\main\AndroidManifest.xml:2:1-62
11-->src\main\AndroidManifest.xml:2:18-60
12    <!--
13         Required to query activities that can process text, see:
14         https://developer.android.com/training/package-visibility?hl=en and
15         https://developer.android.com/reference/android/content/Intent#ACTION_PROCESS_TEXT.
16
17         In particular, this is used by the Flutter engine in io.flutter.plugin.text.ProcessTextPlugin.
18    -->
19    <queries>
19-->src\main\AndroidManifest.xml:40:5-45:15
20        <intent>
20-->src\main\AndroidManifest.xml:41:9-44:18
21            <action android:name="android.intent.action.PROCESS_TEXT" />
21-->src\main\AndroidManifest.xml:42:13-72
21-->src\main\AndroidManifest.xml:42:21-70
22
23            <data android:mimeType="text/plain" />
23-->src\main\AndroidManifest.xml:43:13-50
23-->src\main\AndroidManifest.xml:43:19-48
24        </intent>
25
26        <package android:name="woyou.aidlservice.jiuiv5" />
26-->[:sunmi_printer_plus] AndroidManifest.xml:10:9-60
26-->[:sunmi_printer_plus] AndroidManifest.xml:10:18-57
27    </queries>
28
29    <uses-feature
29-->[:flutter_pos_printer_platform_image_3] AndroidManifest.xml:9:5-11:36
30        android:name="android.hardware.bluetooth"
30-->[:flutter_pos_printer_platform_image_3] AndroidManifest.xml:10:9-50
31        android:required="false" />
31-->[:flutter_pos_printer_platform_image_3] AndroidManifest.xml:11:9-33
32
33    <uses-permission android:name="android.permission.ACCESS_FINE_LOCATION" />
33-->[:flutter_pos_printer_platform_image_3] AndroidManifest.xml:13:5-79
33-->[:flutter_pos_printer_platform_image_3] AndroidManifest.xml:13:22-76
34    <uses-permission android:name="android.permission.ACCESS_COARSE_LOCATION" /> <!-- BLUETOOTH PERMISSION -->
34-->[:flutter_pos_printer_platform_image_3] AndroidManifest.xml:14:5-81
34-->[:flutter_pos_printer_platform_image_3] AndroidManifest.xml:14:22-78
35    <!-- Request legacy Bluetooth permissions on older devices. -->
36    <uses-permission android:name="android.permission.BLUETOOTH" />
36-->[:flutter_pos_printer_platform_image_3] AndroidManifest.xml:17:5-68
36-->[:flutter_pos_printer_platform_image_3] AndroidManifest.xml:17:22-65
37    <uses-permission android:name="android.permission.BLUETOOTH_ADMIN" />
37-->[:flutter_pos_printer_platform_image_3] AndroidManifest.xml:18:5-74
37-->[:flutter_pos_printer_platform_image_3] AndroidManifest.xml:18:22-71
38    <!--
39         Needed only if your app looks for Bluetooth devices.
40             If your app doesn't use Bluetooth scan results to derive physical
41             location information, you can strongly assert that your app
42             doesn't derive physical location.
43    -->
44    <uses-permission android:name="android.permission.BLUETOOTH_SCAN" />
44-->[:flutter_pos_printer_platform_image_3] AndroidManifest.xml:25:5-73
44-->[:flutter_pos_printer_platform_image_3] AndroidManifest.xml:25:22-70
45    <!--
46      Needed only if your app makes the device discoverable to Bluetooth
47      devices.
48    -->
49    <uses-permission android:name="android.permission.BLUETOOTH_ADVERTISE" />
49-->[:flutter_pos_printer_platform_image_3] AndroidManifest.xml:30:5-78
49-->[:flutter_pos_printer_platform_image_3] AndroidManifest.xml:30:22-75
50    <!--
51         Needed only if your app communicates with already-paired Bluetooth
52           devices.
53    -->
54    <uses-permission android:name="android.permission.BLUETOOTH_CONNECT" />
54-->[:flutter_pos_printer_platform_image_3] AndroidManifest.xml:35:5-76
54-->[:flutter_pos_printer_platform_image_3] AndroidManifest.xml:35:22-73
55    <uses-permission android:name="android.permission.ACCESS_NETWORK_STATE" />
55-->[:network_info_plus] AndroidManifest.xml:9:5-79
55-->[:network_info_plus] AndroidManifest.xml:9:22-76
56    <uses-permission android:name="android.permission.ACCESS_WIFI_STATE" />
56-->[:network_info_plus] AndroidManifest.xml:10:5-76
56-->[:network_info_plus] AndroidManifest.xml:10:22-73
57
58    <permission
58-->[androidx.core:core:1.13.1] AndroidManifest.xml:22:5-24:47
59        android:name="com.example.p_o_s.DYNAMIC_RECEIVER_NOT_EXPORTED_PERMISSION"
59-->[androidx.core:core:1.13.1] AndroidManifest.xml:23:9-81
60        android:protectionLevel="signature" />
60-->[androidx.core:core:1.13.1] AndroidManifest.xml:24:9-44
61
62    <uses-permission android:name="com.example.p_o_s.DYNAMIC_RECEIVER_NOT_EXPORTED_PERMISSION" />
62-->[androidx.core:core:1.13.1] AndroidManifest.xml:26:5-97
62-->[androidx.core:core:1.13.1] AndroidManifest.xml:26:22-94
63
64    <application
65        android:name="android.app.Application"
65-->src\main\AndroidManifest.xml:5:9-42
66        android:appComponentFactory="androidx.core.app.CoreComponentFactory"
66-->[androidx.core:core:1.13.1] AndroidManifest.xml:28:18-86
67        android:icon="@mipmap/launcher_icon"
67-->src\main\AndroidManifest.xml:6:9-45
68        android:label="Ballast" >
68-->src\main\AndroidManifest.xml:4:9-32
69        <activity
69-->src\main\AndroidManifest.xml:7:9-28:20
70            android:name="com.example.p_o_s.MainActivity"
70-->src\main\AndroidManifest.xml:8:13-41
71            android:allowBackup="false"
71-->src\main\AndroidManifest.xml:10:13-40
72            android:configChanges="orientation|keyboardHidden|keyboard|screenSize|smallestScreenSize|locale|layoutDirection|fontScale|screenLayout|density|uiMode"
72-->src\main\AndroidManifest.xml:13:13-163
73            android:exported="true"
73-->src\main\AndroidManifest.xml:9:13-36
74            android:hardwareAccelerated="true"
74-->src\main\AndroidManifest.xml:14:13-47
75            android:launchMode="singleTop"
75-->src\main\AndroidManifest.xml:11:13-43
76            android:theme="@style/LaunchTheme"
76-->src\main\AndroidManifest.xml:12:13-47
77            android:windowSoftInputMode="adjustResize" >
77-->src\main\AndroidManifest.xml:15:13-55
78
79            <!--
80                 Specifies an Android theme to apply to this Activity as soon as
81                 the Android process has started. This theme is visible to the user
82                 while the Flutter UI initializes. After that, this theme continues
83                 to determine the Window background behind the Flutter UI.
84            -->
85            <meta-data
85-->src\main\AndroidManifest.xml:20:13-23:17
86                android:name="io.flutter.embedding.android.NormalTheme"
86-->src\main\AndroidManifest.xml:21:15-70
87                android:resource="@style/NormalTheme" />
87-->src\main\AndroidManifest.xml:22:15-52
88
89            <intent-filter>
89-->src\main\AndroidManifest.xml:24:13-27:29
90                <action android:name="android.intent.action.MAIN" />
90-->src\main\AndroidManifest.xml:25:17-68
90-->src\main\AndroidManifest.xml:25:25-66
91
92                <category android:name="android.intent.category.LAUNCHER" />
92-->src\main\AndroidManifest.xml:26:17-76
92-->src\main\AndroidManifest.xml:26:27-74
93            </intent-filter>
94        </activity>
95        <!--
96             Don't delete the meta-data below.
97             This is used by the Flutter tool to generate GeneratedPluginRegistrant.java
98        -->
99        <meta-data
99-->src\main\AndroidManifest.xml:31:9-33:33
100            android:name="flutterEmbedding"
100-->src\main\AndroidManifest.xml:32:13-44
101            android:value="2" />
101-->src\main\AndroidManifest.xml:33:13-30
102
103        <uses-library
103-->[androidx.window:window:1.2.0] AndroidManifest.xml:23:9-25:40
104            android:name="androidx.window.extensions"
104-->[androidx.window:window:1.2.0] AndroidManifest.xml:24:13-54
105            android:required="false" />
105-->[androidx.window:window:1.2.0] AndroidManifest.xml:25:13-37
106        <uses-library
106-->[androidx.window:window:1.2.0] AndroidManifest.xml:26:9-28:40
107            android:name="androidx.window.sidecar"
107-->[androidx.window:window:1.2.0] AndroidManifest.xml:27:13-51
108            android:required="false" />
108-->[androidx.window:window:1.2.0] AndroidManifest.xml:28:13-37
109
110        <provider
110-->[androidx.lifecycle:lifecycle-process:2.7.0] AndroidManifest.xml:24:9-32:20
111            android:name="androidx.startup.InitializationProvider"
111-->[androidx.lifecycle:lifecycle-process:2.7.0] AndroidManifest.xml:25:13-67
112            android:authorities="com.example.p_o_s.androidx-startup"
112-->[androidx.lifecycle:lifecycle-process:2.7.0] AndroidManifest.xml:26:13-68
113            android:exported="false" >
113-->[androidx.lifecycle:lifecycle-process:2.7.0] AndroidManifest.xml:27:13-37
114            <meta-data
114-->[androidx.lifecycle:lifecycle-process:2.7.0] AndroidManifest.xml:29:13-31:52
115                android:name="androidx.lifecycle.ProcessLifecycleInitializer"
115-->[androidx.lifecycle:lifecycle-process:2.7.0] AndroidManifest.xml:30:17-78
116                android:value="androidx.startup" />
116-->[androidx.lifecycle:lifecycle-process:2.7.0] AndroidManifest.xml:31:17-49
117            <meta-data
117-->[androidx.profileinstaller:profileinstaller:1.3.1] AndroidManifest.xml:29:13-31:52
118                android:name="androidx.profileinstaller.ProfileInstallerInitializer"
118-->[androidx.profileinstaller:profileinstaller:1.3.1] AndroidManifest.xml:30:17-85
119                android:value="androidx.startup" />
119-->[androidx.profileinstaller:profileinstaller:1.3.1] AndroidManifest.xml:31:17-49
120        </provider>
121
122        <receiver
122-->[androidx.profileinstaller:profileinstaller:1.3.1] AndroidManifest.xml:34:9-52:20
123            android:name="androidx.profileinstaller.ProfileInstallReceiver"
123-->[androidx.profileinstaller:profileinstaller:1.3.1] AndroidManifest.xml:35:13-76
124            android:directBootAware="false"
124-->[androidx.profileinstaller:profileinstaller:1.3.1] AndroidManifest.xml:36:13-44
125            android:enabled="true"
125-->[androidx.profileinstaller:profileinstaller:1.3.1] AndroidManifest.xml:37:13-35
126            android:exported="true"
126-->[androidx.profileinstaller:profileinstaller:1.3.1] AndroidManifest.xml:38:13-36
127            android:permission="android.permission.DUMP" >
127-->[androidx.profileinstaller:profileinstaller:1.3.1] AndroidManifest.xml:39:13-57
128            <intent-filter>
128-->[androidx.profileinstaller:profileinstaller:1.3.1] AndroidManifest.xml:40:13-42:29
129                <action android:name="androidx.profileinstaller.action.INSTALL_PROFILE" />
129-->[androidx.profileinstaller:profileinstaller:1.3.1] AndroidManifest.xml:41:17-91
129-->[androidx.profileinstaller:profileinstaller:1.3.1] AndroidManifest.xml:41:25-88
130            </intent-filter>
131            <intent-filter>
131-->[androidx.profileinstaller:profileinstaller:1.3.1] AndroidManifest.xml:43:13-45:29
132                <action android:name="androidx.profileinstaller.action.SKIP_FILE" />
132-->[androidx.profileinstaller:profileinstaller:1.3.1] AndroidManifest.xml:44:17-85
132-->[androidx.profileinstaller:profileinstaller:1.3.1] AndroidManifest.xml:44:25-82
133            </intent-filter>
134            <intent-filter>
134-->[androidx.profileinstaller:profileinstaller:1.3.1] AndroidManifest.xml:46:13-48:29
135                <action android:name="androidx.profileinstaller.action.SAVE_PROFILE" />
135-->[androidx.profileinstaller:profileinstaller:1.3.1] AndroidManifest.xml:47:17-88
135-->[androidx.profileinstaller:profileinstaller:1.3.1] AndroidManifest.xml:47:25-85
136            </intent-filter>
137            <intent-filter>
137-->[androidx.profileinstaller:profileinstaller:1.3.1] AndroidManifest.xml:49:13-51:29
138                <action android:name="androidx.profileinstaller.action.BENCHMARK_OPERATION" />
138-->[androidx.profileinstaller:profileinstaller:1.3.1] AndroidManifest.xml:50:17-95
138-->[androidx.profileinstaller:profileinstaller:1.3.1] AndroidManifest.xml:50:25-92
139            </intent-filter>
140        </receiver>
141    </application>
142
143</manifest>